106.01.04 12:29 B C:\Documents and Settings\sgambino\Desktop\temp\apache_pb.gif <-- gambino.pcti.tec.nj.us /var/apache/htdocs apache_pb.gif
106.01.04 12:29 B C:\Documents and Settings\sgambino\Desktop\temp\book.gif <-- gambino.pcti.tec.nj.us /var/apache/htdocs book.gif
106.01.04 12:29 B C:\Documents and Settings\sgambino\Desktop\temp\class.gif <-- gambino.pcti.tec.nj.us /var/apache/htdocs class.gif
106.01.04 12:29 B C:\Documents and Settings\sgambino\Desktop\temp\construction.gif <-- gambino.pcti.tec.nj.us /var/apache/htdocs construction.gif
106.01.04 12:29 B C:\Documents and Settings\sgambino\Desktop\temp\cst.jpg <-- gambino.pcti.tec.nj.us /var/apache/htdocs cst.jpg
106.01.04 12:29 B C:\Documents and Settings\sgambino\Desktop\temp\index.bak <-- gambino.pcti.tec.nj.us /var/apache/htdocs index.bak
106.01.04 12:29 B C:\Documents and Settings\sgambino\Desktop\temp\index23.html <-- gambino.pcti.tec.nj.us /var/apache/htdocs index23.html
106.01.04 12:29 B C:\Documents and Settings\sgambino\Desktop\temp\laptop.gif <-- gambino.pcti.tec.nj.us /var/apache/htdocs laptop.gif
106.01.04 12:29 B C:\Documents and Settings\sgambino\Desktop\temp\mainindex.html <-- gambino.pcti.tec.nj.us /var/apache/htdocs mainindex.html
106.01.04 12:29 B C:\Documents and Settings\sgambino\Desktop\temp\mainmenu.html <-- gambino.pcti.tec.nj.us /var/apache/htdocs mainmenu.html
106.01.04 12:29 B C:\Documents and Settings\sgambino\Desktop\temp\pcti.gif <-- gambino.pcti.tec.nj.us /var/apache/htdocs pcti.gif
106.01.04 12:29 B C:\Documents and Settings\sgambino\Desktop\temp\schoolpic.jpg <-- gambino.pcti.tec.nj.us /var/apache/htdocs schoolpic.jpg
106.01.04 12:29 B C:\Documents and Settings\sgambino\Desktop\temp\sciBGWIDE.jpg <-- gambino.pcti.tec.nj.us /var/apache/htdocs sciBGWIDE.jpg
106.01.04 12:29 B C:\Documents and Settings\sgambino\Desktop\temp\sciBGWIDER.jpg <-- gambino.pcti.tec.nj.us /var/apache/htdocs sciBGWIDER.jpg
106.01.04 12:29 B C:\Documents and Settings\sgambino\Desktop\temp\sciMENUBG.jpg <-- gambino.pcti.tec.nj.us /var/apache/htdocs sciMENUBG.jpg
106.01.04 12:29 B C:\Documents and Settings\sgambino\Desktop\temp\sfg.jpg <-- gambino.pcti.tec.nj.us /var/apache/htdocs sfg.jpg
106.01.12 12:42 B C:\Documents and Settings\sgambino\Desktop\xxx\ahs1.htm --> gambino.pcti.tec.nj.us /export/home/gambino/temp/xxx ahs1.htm
106.01.12 12:42 B C:\Documents and Settings\sgambino\Desktop\xxx\apache_pb.gif --> gambino.pcti.tec.nj.us /export/home/gambino/temp/xxx apache_pb.gif
106.01.12 12:42 B C:\Documents and Settings\sgambino\Desktop\xxx\book.gif --> gambino.pcti.tec.nj.us /export/home/gambino/temp/xxx book.gif
106.01.12 12:42 B C:\Documents and Settings\sgambino\Desktop\xxx\class.gif --> gambino.pcti.tec.nj.us /export/home/gambino/temp/xxx class.gif
106.01.12 12:42 B C:\Documents and Settings\sgambino\Desktop\xxx\construction.gif --> gambino.pcti.tec.nj.us /export/home/gambino/temp/xxx construction.gif
106.01.12 12:42 B C:\Documents and Settings\sgambino\Desktop\xxx\cst.jpg --> gambino.pcti.tec.nj.us /export/home/gambino/temp/xxx cst.jpg
106.01.12 12:42 B C:\Documents and Settings\sgambino\Desktop\xxx\fblahome.htm --> gambino.pcti.tec.nj.us /export/home/gambino/temp/xxx fblahome.htm
106.01.12 12:42 B C:\Documents and Settings\sgambino\Desktop\xxx\index.bak --> gambino.pcti.tec.nj.us /export/home/gambino/temp/xxx index.bak
106.01.12 12:42 B C:\Documents and Settings\sgambino\Desktop\xxx\index.html --> gambino.pcti.tec.nj.us /export/home/gambino/temp/xxx index.html
106.01.12 12:42 B C:\Documents and Settings\sgambino\Desktop\xxx\index23.html --> gambino.pcti.tec.nj.us /export/home/gambino/temp/xxx index23.html
106.01.12 12:42 B C:\Documents and Settings\sgambino\Desktop\xxx\laptop.gif --> gambino.pcti.tec.nj.us /export/home/gambino/temp/xxx laptop.gif
106.01.12 12:42 B C:\Documents and Settings\sgambino\Desktop\xxx\mainindex.html --> gambino.pcti.tec.nj.us /export/home/gambino/temp/xxx mainindex.html
106.01.12 12:42 B C:\Documents and Settings\sgambino\Desktop\xxx\mainmenu.html --> gambino.pcti.tec.nj.us /export/home/gambino/temp/xxx mainmenu.html
106.01.12 12:42 B C:\Documents and Settings\sgambino\Desktop\xxx\pcti.gif --> gambino.pcti.tec.nj.us /export/home/gambino/temp/xxx pcti.gif
106.01.12 12:42 B C:\Documents and Settings\sgambino\Desktop\xxx\schoolpic.jpg --> gambino.pcti.tec.nj.us /export/home/gambino/temp/xxx schoolpic.jpg
106.01.12 12:42 B C:\Documents and Settings\sgambino\Desktop\xxx\sciBGWIDE.jpg --> gambino.pcti.tec.nj.us /export/home/gambino/temp/xxx sciBGWIDE.jpg
106.01.12 12:42 B C:\Documents and Settings\sgambino\Desktop\xxx\sciBGWIDER.jpg --> gambino.pcti.tec.nj.us /export/home/gambino/temp/xxx sciBGWIDER.jpg
106.01.12 12:42 B C:\Documents and Settings\sgambino\Desktop\xxx\sciMENUBG.jpg --> gambino.pcti.tec.nj.us /export/home/gambino/temp/xxx sciMENUBG.jpg
106.01.12 12:42 B C:\Documents and Settings\sgambino\Desktop\xxx\sfg.jpg --> gambino.pcti.tec.nj.us /export/home/gambino/temp/xxx sfg.jpg
106.01.12 12:42 B C:\Documents and Settings\sgambino\Desktop\xxx\spindex.html --> gambino.pcti.tec.nj.us /export/home/gambino/temp/xxx spindex.html
106.01.12 12:42 B C:\Documents and Settings\sgambino\Desktop\xxx\Thumbs.db --> gambino.pcti.tec.nj.us /export/home/gambino/temp/xxx Thumbs.db
106.01.12 12:42 B C:\Documents and Settings\sgambino\Desktop\xxx\WS_FTP.LOG --> gambino.pcti.tec.nj.us /export/home/gambino/temp/xxx WS_FTP.LOG
106.01.13 04:45 B C:\Documents and Settings\sgambino\Desktop\temp\xxx\ahs1.htm --> gambino.pcti.tec.nj.us /var/apache/htdocs ahs1.htm
106.01.13 04:45 B C:\Documents and Settings\sgambino\Desktop\temp\xxx\apache_pb.gif --> gambino.pcti.tec.nj.us /var/apache/htdocs apache_pb.gif
106.01.13 04:45 B C:\Documents and Settings\sgambino\Desktop\temp\xxx\book.gif --> gambino.pcti.tec.nj.us /var/apache/htdocs book.gif
106.01.13 04:45 B C:\Documents and Settings\sgambino\Desktop\temp\xxx\class.gif --> gambino.pcti.tec.nj.us /var/apache/htdocs class.gif
106.01.13 04:45 B C:\Documents and Settings\sgambino\Desktop\temp\xxx\construction.gif --> gambino.pcti.tec.nj.us /var/apache/htdocs construction.gif
106.01.13 04:45 B C:\Documents and Settings\sgambino\Desktop\temp\xxx\cst.jpg --> gambino.pcti.tec.nj.us /var/apache/htdocs cst.jpg
106.01.13 04:45 B C:\Documents and Settings\sgambino\Desktop\temp\xxx\fblahome.htm --> gambino.pcti.tec.nj.us /var/apache/htdocs fblahome.htm
106.01.13 04:45 B C:\Documents and Settings\sgambino\Desktop\temp\xxx\index.bak --> gambino.pcti.tec.nj.us /var/apache/htdocs index.bak
106.01.13 04:45 B C:\Documents and Settings\sgambino\Desktop\temp\xxx\index.html --> gambino.pcti.tec.nj.us /var/apache/htdocs index.html
106.01.13 04:45 B C:\Documents and Settings\sgambino\Desktop\temp\xxx\index23.html --> gambino.pcti.tec.nj.us /var/apache/htdocs index23.html
106.01.13 04:45 B C:\Documents and Settings\sgambino\Desktop\temp\xxx\laptop.gif --> gambino.pcti.tec.nj.us /var/apache/htdocs laptop.gif
106.01.13 04:45 B C:\Documents and Settings\sgambino\Desktop\temp\xxx\mainindex.html --> gambino.pcti.tec.nj.us /var/apache/htdocs mainindex.html
106.01.13 04:45 B C:\Documents and Settings\sgambino\Desktop\temp\xxx\mainmenu.html --> gambino.pcti.tec.nj.us /var/apache/htdocs mainmenu.html
106.01.13 04:45 B C:\Documents and Settings\sgambino\Desktop\temp\xxx\pcti.gif --> gambino.pcti.tec.nj.us /var/apache/htdocs pcti.gif
106.01.13 04:45 B C:\Documents and Settings\sgambino\Desktop\temp\xxx\schoolpic.jpg --> gambino.pcti.tec.nj.us /var/apache/htdocs schoolpic.jpg
106.01.13 04:45 B C:\Documents and Settings\sgambino\Desktop\temp\xxx\sciBGWIDE.jpg --> gambino.pcti.tec.nj.us /var/apache/htdocs sciBGWIDE.jpg
106.01.13 04:45 B C:\Documents and Settings\sgambino\Desktop\temp\xxx\sciBGWIDER.jpg --> gambino.pcti.tec.nj.us /var/apache/htdocs sciBGWIDER.jpg
106.01.13 04:45 B C:\Documents and Settings\sgambino\Desktop\temp\xxx\sciMENUBG.jpg --> gambino.pcti.tec.nj.us /var/apache/htdocs sciMENUBG.jpg
106.01.13 04:45 B C:\Documents and Settings\sgambino\Desktop\temp\xxx\sfg.jpg --> gambino.pcti.tec.nj.us /var/apache/htdocs sfg.jpg
106.01.13 04:45 B C:\Documents and Settings\sgambino\Desktop\temp\xxx\spindex.html --> gambino.pcti.tec.nj.us /var/apache/htdocs spindex.html
106.01.13 04:45 B C:\Documents and Settings\sgambino\Desktop\temp\xxx\Thumbs.db --> gambino.pcti.tec.nj.us /var/apache/htdocs Thumbs.db
